This file contains any messages produced by compilers while
running configure, to aid debugging if configure makes a mistake.

It was created by pdf-spot-disabler configure 0.1, which was
generated by GNU Autoconf 2.68.  Invocation command line was

  $ ./configure 

## --------- ##
## Platform. ##
## --------- ##

hostname = starkpc
uname -m = i686
uname -r = 3.2.0-49-generic-pae
uname -s = Linux
uname -v = #75-Ubuntu SMP Tue Jun 18 18:00:21 UTC 2013

/usr/bin/uname -p = unknown
/bin/uname -X     = unknown

/bin/arch              = unknown
/usr/bin/arch -k       = unknown
/usr/convex/getsysinfo = unknown
/usr/bin/hostinfo      = unknown
/bin/machine           = unknown
/usr/bin/oslevel       = unknown
/bin/universe          = unknown

PATH: /home/stark/.mxe/usr/bin
PATH: /usr/lib/lightdm/lightdm
PATH: /usr/local/sbin
PATH: /usr/local/bin
PATH: /usr/sbin
PATH: /usr/bin
PATH: /sbin
PATH: /bin
PATH: /usr/games


## ----------- ##
## Core tests. ##
## ----------- ##

configure:2247: checking for a BSD-compatible install
configure:2315: result: /usr/bin/install -c
configure:2326: checking whether build environment is sane
configure:2376: result: yes
configure:2517: checking for a thread-safe mkdir -p
configure:2556: result: /bin/mkdir -p
configure:2569: checking for gawk
configure:2599: result: no
configure:2569: checking for mawk
configure:2585: found /usr/bin/mawk
configure:2596: result: mawk
configure:2607: checking whether make sets $(MAKE)
configure:2629: result: yes
configure:2722: checking for style of include used by make
configure:2750: result: GNU
configure:2821: checking for gcc
configure:2837: found /usr/bin/gcc
configure:2848: result: gcc
configure:3077: checking for C compiler version
configure:3086: gcc --version >&5
gcc (Ubuntu/Linaro 4.6.3-1ubuntu5) 4.6.3
Copyright (C) 2011 Free Software Foundation, Inc.
This is free software; see the source for copying conditions.  There is NO
warranty; not even for MERCHANTABILITY or FITNESS FOR A PARTICULAR PURPOSE.

configure:3097: $? = 0
configure:3086: gcc -v >&5
Using built-in specs.
COLLECT_GCC=gcc
COLLECT_LTO_WRAPPER=/usr/lib/gcc/i686-linux-gnu/4.6/lto-wrapper
Target: i686-linux-gnu
Configured with: ../src/configure -v --with-pkgversion='Ubuntu/Linaro 4.6.3-1ubuntu5' --with-bugurl=file:///usr/share/doc/gcc-4.6/README.Bugs --enable-languages=c,c++,fortran,objc,obj-c++ --prefix=/usr --program-suffix=-4.6 --enable-shared --enable-linker-build-id --with-system-zlib --libexecdir=/usr/lib --without-included-gettext --enable-threads=posix --with-gxx-include-dir=/usr/include/c++/4.6 --libdir=/usr/lib --enable-nls --with-sysroot=/ --enable-clocale=gnu --enable-libstdcxx-debug --enable-libstdcxx-time=yes --enable-gnu-unique-object --enable-plugin --enable-objc-gc --enable-targets=all --disable-werror --with-arch-32=i686 --with-tune=generic --enable-checking=release --build=i686-linux-gnu --host=i686-linux-gnu --target=i686-linux-gnu
Thread model: posix
gcc version 4.6.3 (Ubuntu/Linaro 4.6.3-1ubuntu5) 
configure:3097: $? = 0
configure:3086: gcc -V >&5
gcc: error: unrecognized option '-V'
gcc: fatal error: no input files
compilation terminated.
configure:3097: $? = 4
configure:3086: gcc -qversion >&5
gcc: error: unrecognized option '-qversion'
gcc: fatal error: no input files
compilation terminated.
configure:3097: $? = 4
configure:3101: checking whether we are using the GNU C compiler
configure:3120: gcc -c   conftest.c >&5
configure:3120: $? = 0
configure: failed program was:
| /* confdefs.h */
| #define PACKAGE_NAME "pdf-spot-disabler"
| #define PACKAGE_TARNAME "pdf-spot-disabler"
| #define PACKAGE_VERSION "0.1"
| #define PACKAGE_STRING "pdf-spot-disabler 0.1"
| #define PACKAGE_BUGREPORT "Pavlo Oleshkevych oleshkevych@gmail.com"
| #define PACKAGE_URL ""
| #define PACKAGE "pdf-spot-disabler"
| #define VERSION "0.1"
| /* end confdefs.h.  */
| 
| int
| main ()
| {
| #ifndef __GNUC__
|        choke me
| #endif
| 
|   ;
|   return 0;
| }
configure:3129: result: no
configure:3138: checking whether gcc accepts -g
configure:3158: gcc -c -g  conftest.c >&5
configure:3158: $? = 0
configure: failed program was:
| /* confdefs.h */
| #define PACKAGE_NAME "pdf-spot-disabler"
| #define PACKAGE_TARNAME "pdf-spot-disabler"
| #define PACKAGE_VERSION "0.1"
| #define PACKAGE_STRING "pdf-spot-disabler 0.1"
| #define PACKAGE_BUGREPORT "Pavlo Oleshkevych oleshkevych@gmail.com"
| #define PACKAGE_URL ""
| #define PACKAGE "pdf-spot-disabler"
| #define VERSION "0.1"
| /* end confdefs.h.  */
| 
| int
| main ()
| {
| 
|   ;
|   return 0;
| }
configure:3173: gcc -c   conftest.c >&5
configure:3173: $? = 0
configure: failed program was:
| /* confdefs.h */
| #define PACKAGE_NAME "pdf-spot-disabler"
| #define PACKAGE_TARNAME "pdf-spot-disabler"
| #define PACKAGE_VERSION "0.1"
| #define PACKAGE_STRING "pdf-spot-disabler 0.1"
| #define PACKAGE_BUGREPORT "Pavlo Oleshkevych oleshkevych@gmail.com"
| #define PACKAGE_URL ""
| #define PACKAGE "pdf-spot-disabler"
| #define VERSION "0.1"
| /* end confdefs.h.  */
| 
| int
| main ()
| {
| 
|   ;
|   return 0;
| }
configure:3189: gcc -c -g  conftest.c >&5
configure:3189: $? = 0
configure: failed program was:
| /* confdefs.h */
| #define PACKAGE_NAME "pdf-spot-disabler"
| #define PACKAGE_TARNAME "pdf-spot-disabler"
| #define PACKAGE_VERSION "0.1"
| #define PACKAGE_STRING "pdf-spot-disabler 0.1"
| #define PACKAGE_BUGREPORT "Pavlo Oleshkevych oleshkevych@gmail.com"
| #define PACKAGE_URL ""
| #define PACKAGE "pdf-spot-disabler"
| #define VERSION "0.1"
| /* end confdefs.h.  */
| 
| int
| main ()
| {
| 
|   ;
|   return 0;
| }
configure:3199: result: no
configure:3216: checking for gcc option to accept ISO C89
configure:3280: gcc  -c   conftest.c >&5
configure:3280: $? = 0
configure: failed program was:
| /* confdefs.h */
| #define PACKAGE_NAME "pdf-spot-disabler"
| #define PACKAGE_TARNAME "pdf-spot-disabler"
| #define PACKAGE_VERSION "0.1"
| #define PACKAGE_STRING "pdf-spot-disabler 0.1"
| #define PACKAGE_BUGREPORT "Pavlo Oleshkevych oleshkevych@gmail.com"
| #define PACKAGE_URL ""
| #define PACKAGE "pdf-spot-disabler"
| #define VERSION "0.1"
| /* end confdefs.h.  */
| #include <stdarg.h>
| #include <stdio.h>
| #include <sys/types.h>
| #include <sys/stat.h>
| /* Most of the following tests are stolen from RCS 5.7's src/conf.sh.  */
| struct buf { int x; };
| FILE * (*rcsopen) (struct buf *, struct stat *, int);
| static char *e (p, i)
|      char **p;
|      int i;
| {
|   return p[i];
| }
| static char *f (char * (*g) (char **, int), char **p, ...)
| {
|   char *s;
|   va_list v;
|   va_start (v,p);
|   s = g (p, va_arg (v,int));
|   va_end (v);
|   return s;
| }
| 
| /* OSF 4.0 Compaq cc is some sort of almost-ANSI by default.  It has
|    function prototypes and stuff, but not '\xHH' hex character constants.
|    These don't provoke an error unfortunately, instead are silently treated
|    as 'x'.  The following induces an error, until -std is added to get
|    proper ANSI mode.  Curiously '\x00'!='x' always comes out true, for an
|    array size at least.  It's necessary to write '\x00'==0 to get something
|    that's true only with -std.  */
| int osf4_cc_array ['\x00' == 0 ? 1 : -1];
| 
| /* IBM C 6 for AIX is almost-ANSI by default, but it replaces macro parameters
|    inside strings and character constants.  */
| #define FOO(x) 'x'
| int xlc6_cc_array[FOO(a) == 'x' ? 1 : -1];
| 
| int test (int i, double x);
| struct s1 {int (*f) (int a);};
| struct s2 {int (*f) (double a);};
| int pairnames (int, char **, FILE *(*)(struct buf *, struct stat *, int), int, int);
| int argc;
| char **argv;
| int
| main ()
| {
| return f (e, argv, 0) != argv[0]  ||  f (e, argv, 1) != argv[1];
|   ;
|   return 0;
| }
configure:3280: gcc -qlanglvl=extc89 -c   conftest.c >&5
gcc: error: unrecognized option '-qlanglvl=extc89'
configure:3280: $? = 1
configure: failed program was:
| /* confdefs.h */
| #define PACKAGE_NAME "pdf-spot-disabler"
| #define PACKAGE_TARNAME "pdf-spot-disabler"
| #define PACKAGE_VERSION "0.1"
| #define PACKAGE_STRING "pdf-spot-disabler 0.1"
| #define PACKAGE_BUGREPORT "Pavlo Oleshkevych oleshkevych@gmail.com"
| #define PACKAGE_URL ""
| #define PACKAGE "pdf-spot-disabler"
| #define VERSION "0.1"
| /* end confdefs.h.  */
| #include <stdarg.h>
| #include <stdio.h>
| #include <sys/types.h>
| #include <sys/stat.h>
| /* Most of the following tests are stolen from RCS 5.7's src/conf.sh.  */
| struct buf { int x; };
| FILE * (*rcsopen) (struct buf *, struct stat *, int);
| static char *e (p, i)
|      char **p;
|      int i;
| {
|   return p[i];
| }
| static char *f (char * (*g) (char **, int), char **p, ...)
| {
|   char *s;
|   va_list v;
|   va_start (v,p);
|   s = g (p, va_arg (v,int));
|   va_end (v);
|   return s;
| }
| 
| /* OSF 4.0 Compaq cc is some sort of almost-ANSI by default.  It has
|    function prototypes and stuff, but not '\xHH' hex character constants.
|    These don't provoke an error unfortunately, instead are silently treated
|    as 'x'.  The following induces an error, until -std is added to get
|    proper ANSI mode.  Curiously '\x00'!='x' always comes out true, for an
|    array size at least.  It's necessary to write '\x00'==0 to get something
|    that's true only with -std.  */
| int osf4_cc_array ['\x00' == 0 ? 1 : -1];
| 
| /* IBM C 6 for AIX is almost-ANSI by default, but it replaces macro parameters
|    inside strings and character constants.  */
| #define FOO(x) 'x'
| int xlc6_cc_array[FOO(a) == 'x' ? 1 : -1];
| 
| int test (int i, double x);
| struct s1 {int (*f) (int a);};
| struct s2 {int (*f) (double a);};
| int pairnames (int, char **, FILE *(*)(struct buf *, struct stat *, int), int, int);
| int argc;
| char **argv;
| int
| main ()
| {
| return f (e, argv, 0) != argv[0]  ||  f (e, argv, 1) != argv[1];
|   ;
|   return 0;
| }
configure:3280: gcc -qlanglvl=ansi -c   conftest.c >&5
gcc: error: unrecognized option '-qlanglvl=ansi'
configure:3280: $? = 1
configure: failed program was:
| /* confdefs.h */
| #define PACKAGE_NAME "pdf-spot-disabler"
| #define PACKAGE_TARNAME "pdf-spot-disabler"
| #define PACKAGE_VERSION "0.1"
| #define PACKAGE_STRING "pdf-spot-disabler 0.1"
| #define PACKAGE_BUGREPORT "Pavlo Oleshkevych oleshkevych@gmail.com"
| #define PACKAGE_URL ""
| #define PACKAGE "pdf-spot-disabler"
| #define VERSION "0.1"
| /* end confdefs.h.  */
| #include <stdarg.h>
| #include <stdio.h>
| #include <sys/types.h>
| #include <sys/stat.h>
| /* Most of the following tests are stolen from RCS 5.7's src/conf.sh.  */
| struct buf { int x; };
| FILE * (*rcsopen) (struct buf *, struct stat *, int);
| static char *e (p, i)
|      char **p;
|      int i;
| {
|   return p[i];
| }
| static char *f (char * (*g) (char **, int), char **p, ...)
| {
|   char *s;
|   va_list v;
|   va_start (v,p);
|   s = g (p, va_arg (v,int));
|   va_end (v);
|   return s;
| }
| 
| /* OSF 4.0 Compaq cc is some sort of almost-ANSI by default.  It has
|    function prototypes and stuff, but not '\xHH' hex character constants.
|    These don't provoke an error unfortunately, instead are silently treated
|    as 'x'.  The following induces an error, until -std is added to get
|    proper ANSI mode.  Curiously '\x00'!='x' always comes out true, for an
|    array size at least.  It's necessary to write '\x00'==0 to get something
|    that's true only with -std.  */
| int osf4_cc_array ['\x00' == 0 ? 1 : -1];
| 
| /* IBM C 6 for AIX is almost-ANSI by default, but it replaces macro parameters
|    inside strings and character constants.  */
| #define FOO(x) 'x'
| int xlc6_cc_array[FOO(a) == 'x' ? 1 : -1];
| 
| int test (int i, double x);
| struct s1 {int (*f) (int a);};
| struct s2 {int (*f) (double a);};
| int pairnames (int, char **, FILE *(*)(struct buf *, struct stat *, int), int, int);
| int argc;
| char **argv;
| int
| main ()
| {
| return f (e, argv, 0) != argv[0]  ||  f (e, argv, 1) != argv[1];
|   ;
|   return 0;
| }
configure:3280: gcc -std -c   conftest.c >&5
cc1: error: unrecognized command line option '-std'
configure:3280: $? = 1
configure: failed program was:
| /* confdefs.h */
| #define PACKAGE_NAME "pdf-spot-disabler"
| #define PACKAGE_TARNAME "pdf-spot-disabler"
| #define PACKAGE_VERSION "0.1"
| #define PACKAGE_STRING "pdf-spot-disabler 0.1"
| #define PACKAGE_BUGREPORT "Pavlo Oleshkevych oleshkevych@gmail.com"
| #define PACKAGE_URL ""
| #define PACKAGE "pdf-spot-disabler"
| #define VERSION "0.1"
| /* end confdefs.h.  */
| #include <stdarg.h>
| #include <stdio.h>
| #include <sys/types.h>
| #include <sys/stat.h>
| /* Most of the following tests are stolen from RCS 5.7's src/conf.sh.  */
| struct buf { int x; };
| FILE * (*rcsopen) (struct buf *, struct stat *, int);
| static char *e (p, i)
|      char **p;
|      int i;
| {
|   return p[i];
| }
| static char *f (char * (*g) (char **, int), char **p, ...)
| {
|   char *s;
|   va_list v;
|   va_start (v,p);
|   s = g (p, va_arg (v,int));
|   va_end (v);
|   return s;
| }
| 
| /* OSF 4.0 Compaq cc is some sort of almost-ANSI by default.  It has
|    function prototypes and stuff, but not '\xHH' hex character constants.
|    These don't provoke an error unfortunately, instead are silently treated
|    as 'x'.  The following induces an error, until -std is added to get
|    proper ANSI mode.  Curiously '\x00'!='x' always comes out true, for an
|    array size at least.  It's necessary to write '\x00'==0 to get something
|    that's true only with -std.  */
| int osf4_cc_array ['\x00' == 0 ? 1 : -1];
| 
| /* IBM C 6 for AIX is almost-ANSI by default, but it replaces macro parameters
|    inside strings and character constants.  */
| #define FOO(x) 'x'
| int xlc6_cc_array[FOO(a) == 'x' ? 1 : -1];
| 
| int test (int i, double x);
| struct s1 {int (*f) (int a);};
| struct s2 {int (*f) (double a);};
| int pairnames (int, char **, FILE *(*)(struct buf *, struct stat *, int), int, int);
| int argc;
| char **argv;
| int
| main ()
| {
| return f (e, argv, 0) != argv[0]  ||  f (e, argv, 1) != argv[1];
|   ;
|   return 0;
| }
configure:3280: gcc -Ae -c   conftest.c >&5
<command-line>:0:1: error: missing '(' after predicate
configure:3280: $? = 1
configure: failed program was:
| /* confdefs.h */
| #define PACKAGE_NAME "pdf-spot-disabler"
| #define PACKAGE_TARNAME "pdf-spot-disabler"
| #define PACKAGE_VERSION "0.1"
| #define PACKAGE_STRING "pdf-spot-disabler 0.1"
| #define PACKAGE_BUGREPORT "Pavlo Oleshkevych oleshkevych@gmail.com"
| #define PACKAGE_URL ""
| #define PACKAGE "pdf-spot-disabler"
| #define VERSION "0.1"
| /* end confdefs.h.  */
| #include <stdarg.h>
| #include <stdio.h>
| #include <sys/types.h>
| #include <sys/stat.h>
| /* Most of the following tests are stolen from RCS 5.7's src/conf.sh.  */
| struct buf { int x; };
| FILE * (*rcsopen) (struct buf *, struct stat *, int);
| static char *e (p, i)
|      char **p;
|      int i;
| {
|   return p[i];
| }
| static char *f (char * (*g) (char **, int), char **p, ...)
| {
|   char *s;
|   va_list v;
|   va_start (v,p);
|   s = g (p, va_arg (v,int));
|   va_end (v);
|   return s;
| }
| 
| /* OSF 4.0 Compaq cc is some sort of almost-ANSI by default.  It has
|    function prototypes and stuff, but not '\xHH' hex character constants.
|    These don't provoke an error unfortunately, instead are silently treated
|    as 'x'.  The following induces an error, until -std is added to get
|    proper ANSI mode.  Curiously '\x00'!='x' always comes out true, for an
|    array size at least.  It's necessary to write '\x00'==0 to get something
|    that's true only with -std.  */
| int osf4_cc_array ['\x00' == 0 ? 1 : -1];
| 
| /* IBM C 6 for AIX is almost-ANSI by default, but it replaces macro parameters
|    inside strings and character constants.  */
| #define FOO(x) 'x'
| int xlc6_cc_array[FOO(a) == 'x' ? 1 : -1];
| 
| int test (int i, double x);
| struct s1 {int (*f) (int a);};
| struct s2 {int (*f) (double a);};
| int pairnames (int, char **, FILE *(*)(struct buf *, struct stat *, int), int, int);
| int argc;
| char **argv;
| int
| main ()
| {
| return f (e, argv, 0) != argv[0]  ||  f (e, argv, 1) != argv[1];
|   ;
|   return 0;
| }
configure:3280: gcc -Aa -D_HPUX_SOURCE -c   conftest.c >&5
<command-line>:0:1: error: missing '(' after predicate
configure:3280: $? = 1
configure: failed program was:
| /* confdefs.h */
| #define PACKAGE_NAME "pdf-spot-disabler"
| #define PACKAGE_TARNAME "pdf-spot-disabler"
| #define PACKAGE_VERSION "0.1"
| #define PACKAGE_STRING "pdf-spot-disabler 0.1"
| #define PACKAGE_BUGREPORT "Pavlo Oleshkevych oleshkevych@gmail.com"
| #define PACKAGE_URL ""
| #define PACKAGE "pdf-spot-disabler"
| #define VERSION "0.1"
| /* end confdefs.h.  */
| #include <stdarg.h>
| #include <stdio.h>
| #include <sys/types.h>
| #include <sys/stat.h>
| /* Most of the following tests are stolen from RCS 5.7's src/conf.sh.  */
| struct buf { int x; };
| FILE * (*rcsopen) (struct buf *, struct stat *, int);
| static char *e (p, i)
|      char **p;
|      int i;
| {
|   return p[i];
| }
| static char *f (char * (*g) (char **, int), char **p, ...)
| {
|   char *s;
|   va_list v;
|   va_start (v,p);
|   s = g (p, va_arg (v,int));
|   va_end (v);
|   return s;
| }
| 
| /* OSF 4.0 Compaq cc is some sort of almost-ANSI by default.  It has
|    function prototypes and stuff, but not '\xHH' hex character constants.
|    These don't provoke an error unfortunately, instead are silently treated
|    as 'x'.  The following induces an error, until -std is added to get
|    proper ANSI mode.  Curiously '\x00'!='x' always comes out true, for an
|    array size at least.  It's necessary to write '\x00'==0 to get something
|    that's true only with -std.  */
| int osf4_cc_array ['\x00' == 0 ? 1 : -1];
| 
| /* IBM C 6 for AIX is almost-ANSI by default, but it replaces macro parameters
|    inside strings and character constants.  */
| #define FOO(x) 'x'
| int xlc6_cc_array[FOO(a) == 'x' ? 1 : -1];
| 
| int test (int i, double x);
| struct s1 {int (*f) (int a);};
| struct s2 {int (*f) (double a);};
| int pairnames (int, char **, FILE *(*)(struct buf *, struct stat *, int), int, int);
| int argc;
| char **argv;
| int
| main ()
| {
| return f (e, argv, 0) != argv[0]  ||  f (e, argv, 1) != argv[1];
|   ;
|   return 0;
| }
configure:3280: gcc -Xc -D__EXTENSIONS__ -c   conftest.c >&5
gcc: error: unrecognized option '-Xc'
configure:3280: $? = 1
configure: failed program was:
| /* confdefs.h */
| #define PACKAGE_NAME "pdf-spot-disabler"
| #define PACKAGE_TARNAME "pdf-spot-disabler"
| #define PACKAGE_VERSION "0.1"
| #define PACKAGE_STRING "pdf-spot-disabler 0.1"
| #define PACKAGE_BUGREPORT "Pavlo Oleshkevych oleshkevych@gmail.com"
| #define PACKAGE_URL ""
| #define PACKAGE "pdf-spot-disabler"
| #define VERSION "0.1"
| /* end confdefs.h.  */
| #include <stdarg.h>
| #include <stdio.h>
| #include <sys/types.h>
| #include <sys/stat.h>
| /* Most of the following tests are stolen from RCS 5.7's src/conf.sh.  */
| struct buf { int x; };
| FILE * (*rcsopen) (struct buf *, struct stat *, int);
| static char *e (p, i)
|      char **p;
|      int i;
| {
|   return p[i];
| }
| static char *f (char * (*g) (char **, int), char **p, ...)
| {
|   char *s;
|   va_list v;
|   va_start (v,p);
|   s = g (p, va_arg (v,int));
|   va_end (v);
|   return s;
| }
| 
| /* OSF 4.0 Compaq cc is some sort of almost-ANSI by default.  It has
|    function prototypes and stuff, but not '\xHH' hex character constants.
|    These don't provoke an error unfortunately, instead are silently treated
|    as 'x'.  The following induces an error, until -std is added to get
|    proper ANSI mode.  Curiously '\x00'!='x' always comes out true, for an
|    array size at least.  It's necessary to write '\x00'==0 to get something
|    that's true only with -std.  */
| int osf4_cc_array ['\x00' == 0 ? 1 : -1];
| 
| /* IBM C 6 for AIX is almost-ANSI by default, but it replaces macro parameters
|    inside strings and character constants.  */
| #define FOO(x) 'x'
| int xlc6_cc_array[FOO(a) == 'x' ? 1 : -1];
| 
| int test (int i, double x);
| struct s1 {int (*f) (int a);};
| struct s2 {int (*f) (double a);};
| int pairnames (int, char **, FILE *(*)(struct buf *, struct stat *, int), int, int);
| int argc;
| char **argv;
| int
| main ()
| {
| return f (e, argv, 0) != argv[0]  ||  f (e, argv, 1) != argv[1];
|   ;
|   return 0;
| }
configure:3296: result: unsupported
configure:3315: checking dependency style of gcc
configure:3426: result: gcc3
configure:3447: checking how to run the C preprocessor
configure:3478: gcc -E  conftest.c
configure:3478: $? = 0
configure:3492: gcc -E  conftest.c
conftest.c:11:28: fatal error: ac_nonexistent.h: No such file or directory
compilation terminated.
configure:3492: $? = 1
configure: failed program was:
| /* confdefs.h */
| #define PACKAGE_NAME "pdf-spot-disabler"
| #define PACKAGE_TARNAME "pdf-spot-disabler"
| #define PACKAGE_VERSION "0.1"
| #define PACKAGE_STRING "pdf-spot-disabler 0.1"
| #define PACKAGE_BUGREPORT "Pavlo Oleshkevych oleshkevych@gmail.com"
| #define PACKAGE_URL ""
| #define PACKAGE "pdf-spot-disabler"
| #define VERSION "0.1"
| /* end confdefs.h.  */
| #include <ac_nonexistent.h>
configure:3517: result: gcc -E
configure:3537: gcc -E  conftest.c
configure:3537: $? = 0
configure:3551: gcc -E  conftest.c
conftest.c:11:28: fatal error: ac_nonexistent.h: No such file or directory
compilation terminated.
configure:3551: $? = 1
configure: failed program was:
| /* confdefs.h */
| #define PACKAGE_NAME "pdf-spot-disabler"
| #define PACKAGE_TARNAME "pdf-spot-disabler"
| #define PACKAGE_VERSION "0.1"
| #define PACKAGE_STRING "pdf-spot-disabler 0.1"
| #define PACKAGE_BUGREPORT "Pavlo Oleshkevych oleshkevych@gmail.com"
| #define PACKAGE_URL ""
| #define PACKAGE "pdf-spot-disabler"
| #define VERSION "0.1"
| /* end confdefs.h.  */
| #include <ac_nonexistent.h>
configure:3580: checking for grep that handles long lines and -e
configure:3638: result: /bin/grep
configure:3643: checking for egrep
configure:3705: result: /bin/grep -E
configure:3710: checking for ANSI C header files
configure:3730: gcc -c   conftest.c >&5
configure:3730: $? = 0
configure: failed program was:
| /* confdefs.h */
| #define PACKAGE_NAME "pdf-spot-disabler"
| #define PACKAGE_TARNAME "pdf-spot-disabler"
| #define PACKAGE_VERSION "0.1"
| #define PACKAGE_STRING "pdf-spot-disabler 0.1"
| #define PACKAGE_BUGREPORT "Pavlo Oleshkevych oleshkevych@gmail.com"
| #define PACKAGE_URL ""
| #define PACKAGE "pdf-spot-disabler"
| #define VERSION "0.1"
| /* end confdefs.h.  */
| #include <stdlib.h>
| #include <stdarg.h>
| #include <string.h>
| #include <float.h>
| 
| int
| main ()
| {
| 
|   ;
|   return 0;
| }
configure:3814: result: no
configure:3827: checking for sys/types.h
configure:3827: gcc -c   conftest.c >&5
configure:3827: $? = 0
configure: failed program was:
| /* confdefs.h */
| #define PACKAGE_NAME "pdf-spot-disabler"
| #define PACKAGE_TARNAME "pdf-spot-disabler"
| #define PACKAGE_VERSION "0.1"
| #define PACKAGE_STRING "pdf-spot-disabler 0.1"
| #define PACKAGE_BUGREPORT "Pavlo Oleshkevych oleshkevych@gmail.com"
| #define PACKAGE_URL ""
| #define PACKAGE "pdf-spot-disabler"
| #define VERSION "0.1"
| /* end confdefs.h.  */
| #include <stdio.h>
| #ifdef HAVE_SYS_TYPES_H
| # include <sys/types.h>
| #endif
| #ifdef HAVE_SYS_STAT_H
| # include <sys/stat.h>
| #endif
| #ifdef STDC_HEADERS
| # include <stdlib.h>
| # include <stddef.h>
| #else
| # ifdef HAVE_STDLIB_H
| #  include <stdlib.h>
| # endif
| #endif
| #ifdef HAVE_STRING_H
| # if !defined STDC_HEADERS && defined HAVE_MEMORY_H
| #  include <memory.h>
| # endif
| # include <string.h>
| #endif
| #ifdef HAVE_STRINGS_H
| # include <strings.h>
| #endif
| #ifdef HAVE_INTTYPES_H
| # include <inttypes.h>
| #endif
| #ifdef HAVE_STDINT_H
| # include <stdint.h>
| #endif
| #ifdef HAVE_UNISTD_H
| # include <unistd.h>
| #endif
| 
| #include <sys/types.h>
configure:3827: result: no
configure:3827: checking for sys/stat.h
configure:3827: gcc -c   conftest.c >&5
configure:3827: $? = 0
configure: failed program was:
| /* confdefs.h */
| #define PACKAGE_NAME "pdf-spot-disabler"
| #define PACKAGE_TARNAME "pdf-spot-disabler"
| #define PACKAGE_VERSION "0.1"
| #define PACKAGE_STRING "pdf-spot-disabler 0.1"
| #define PACKAGE_BUGREPORT "Pavlo Oleshkevych oleshkevych@gmail.com"
| #define PACKAGE_URL ""
| #define PACKAGE "pdf-spot-disabler"
| #define VERSION "0.1"
| /* end confdefs.h.  */
| #include <stdio.h>
| #ifdef HAVE_SYS_TYPES_H
| # include <sys/types.h>
| #endif
| #ifdef HAVE_SYS_STAT_H
| # include <sys/stat.h>
| #endif
| #ifdef STDC_HEADERS
| # include <stdlib.h>
| # include <stddef.h>
| #else
| # ifdef HAVE_STDLIB_H
| #  include <stdlib.h>
| # endif
| #endif
| #ifdef HAVE_STRING_H
| # if !defined STDC_HEADERS && defined HAVE_MEMORY_H
| #  include <memory.h>
| # endif
| # include <string.h>
| #endif
| #ifdef HAVE_STRINGS_H
| # include <strings.h>
| #endif
| #ifdef HAVE_INTTYPES_H
| # include <inttypes.h>
| #endif
| #ifdef HAVE_STDINT_H
| # include <stdint.h>
| #endif
| #ifdef HAVE_UNISTD_H
| # include <unistd.h>
| #endif
| 
| #include <sys/stat.h>
configure:3827: result: no
configure:3827: checking for stdlib.h
configure:3827: gcc -c   conftest.c >&5
configure:3827: $? = 0
configure: failed program was:
| /* confdefs.h */
| #define PACKAGE_NAME "pdf-spot-disabler"
| #define PACKAGE_TARNAME "pdf-spot-disabler"
| #define PACKAGE_VERSION "0.1"
| #define PACKAGE_STRING "pdf-spot-disabler 0.1"
| #define PACKAGE_BUGREPORT "Pavlo Oleshkevych oleshkevych@gmail.com"
| #define PACKAGE_URL ""
| #define PACKAGE "pdf-spot-disabler"
| #define VERSION "0.1"
| /* end confdefs.h.  */
| #include <stdio.h>
| #ifdef HAVE_SYS_TYPES_H
| # include <sys/types.h>
| #endif
| #ifdef HAVE_SYS_STAT_H
| # include <sys/stat.h>
| #endif
| #ifdef STDC_HEADERS
| # include <stdlib.h>
| # include <stddef.h>
| #else
| # ifdef HAVE_STDLIB_H
| #  include <stdlib.h>
| # endif
| #endif
| #ifdef HAVE_STRING_H
| # if !defined STDC_HEADERS && defined HAVE_MEMORY_H
| #  include <memory.h>
| # endif
| # include <string.h>
| #endif
| #ifdef HAVE_STRINGS_H
| # include <strings.h>
| #endif
| #ifdef HAVE_INTTYPES_H
| # include <inttypes.h>
| #endif
| #ifdef HAVE_STDINT_H
| # include <stdint.h>
| #endif
| #ifdef HAVE_UNISTD_H
| # include <unistd.h>
| #endif
| 
| #include <stdlib.h>
configure:3827: result: no
configure:3827: checking for string.h
configure:3827: gcc -c   conftest.c >&5
configure:3827: $? = 0
configure: failed program was:
| /* confdefs.h */
| #define PACKAGE_NAME "pdf-spot-disabler"
| #define PACKAGE_TARNAME "pdf-spot-disabler"
| #define PACKAGE_VERSION "0.1"
| #define PACKAGE_STRING "pdf-spot-disabler 0.1"
| #define PACKAGE_BUGREPORT "Pavlo Oleshkevych oleshkevych@gmail.com"
| #define PACKAGE_URL ""
| #define PACKAGE "pdf-spot-disabler"
| #define VERSION "0.1"
| /* end confdefs.h.  */
| #include <stdio.h>
| #ifdef HAVE_SYS_TYPES_H
| # include <sys/types.h>
| #endif
| #ifdef HAVE_SYS_STAT_H
| # include <sys/stat.h>
| #endif
| #ifdef STDC_HEADERS
| # include <stdlib.h>
| # include <stddef.h>
| #else
| # ifdef HAVE_STDLIB_H
| #  include <stdlib.h>
| # endif
| #endif
| #ifdef HAVE_STRING_H
| # if !defined STDC_HEADERS && defined HAVE_MEMORY_H
| #  include <memory.h>
| # endif
| # include <string.h>
| #endif
| #ifdef HAVE_STRINGS_H
| # include <strings.h>
| #endif
| #ifdef HAVE_INTTYPES_H
| # include <inttypes.h>
| #endif
| #ifdef HAVE_STDINT_H
| # include <stdint.h>
| #endif
| #ifdef HAVE_UNISTD_H
| # include <unistd.h>
| #endif
| 
| #include <string.h>
configure:3827: result: no
configure:3827: checking for memory.h
configure:3827: gcc -c   conftest.c >&5
configure:3827: $? = 0
configure: failed program was:
| /* confdefs.h */
| #define PACKAGE_NAME "pdf-spot-disabler"
| #define PACKAGE_TARNAME "pdf-spot-disabler"
| #define PACKAGE_VERSION "0.1"
| #define PACKAGE_STRING "pdf-spot-disabler 0.1"
| #define PACKAGE_BUGREPORT "Pavlo Oleshkevych oleshkevych@gmail.com"
| #define PACKAGE_URL ""
| #define PACKAGE "pdf-spot-disabler"
| #define VERSION "0.1"
| /* end confdefs.h.  */
| #include <stdio.h>
| #ifdef HAVE_SYS_TYPES_H
| # include <sys/types.h>
| #endif
| #ifdef HAVE_SYS_STAT_H
| # include <sys/stat.h>
| #endif
| #ifdef STDC_HEADERS
| # include <stdlib.h>
| # include <stddef.h>
| #else
| # ifdef HAVE_STDLIB_H
| #  include <stdlib.h>
| # endif
| #endif
| #ifdef HAVE_STRING_H
| # if !defined STDC_HEADERS && defined HAVE_MEMORY_H
| #  include <memory.h>
| # endif
| # include <string.h>
| #endif
| #ifdef HAVE_STRINGS_H
| # include <strings.h>
| #endif
| #ifdef HAVE_INTTYPES_H
| # include <inttypes.h>
| #endif
| #ifdef HAVE_STDINT_H
| # include <stdint.h>
| #endif
| #ifdef HAVE_UNISTD_H
| # include <unistd.h>
| #endif
| 
| #include <memory.h>
configure:3827: result: no
configure:3827: checking for strings.h
configure:3827: gcc -c   conftest.c >&5
configure:3827: $? = 0
configure: failed program was:
| /* confdefs.h */
| #define PACKAGE_NAME "pdf-spot-disabler"
| #define PACKAGE_TARNAME "pdf-spot-disabler"
| #define PACKAGE_VERSION "0.1"
| #define PACKAGE_STRING "pdf-spot-disabler 0.1"
| #define PACKAGE_BUGREPORT "Pavlo Oleshkevych oleshkevych@gmail.com"
| #define PACKAGE_URL ""
| #define PACKAGE "pdf-spot-disabler"
| #define VERSION "0.1"
| /* end confdefs.h.  */
| #include <stdio.h>
| #ifdef HAVE_SYS_TYPES_H
| # include <sys/types.h>
| #endif
| #ifdef HAVE_SYS_STAT_H
| # include <sys/stat.h>
| #endif
| #ifdef STDC_HEADERS
| # include <stdlib.h>
| # include <stddef.h>
| #else
| # ifdef HAVE_STDLIB_H
| #  include <stdlib.h>
| # endif
| #endif
| #ifdef HAVE_STRING_H
| # if !defined STDC_HEADERS && defined HAVE_MEMORY_H
| #  include <memory.h>
| # endif
| # include <string.h>
| #endif
| #ifdef HAVE_STRINGS_H
| # include <strings.h>
| #endif
| #ifdef HAVE_INTTYPES_H
| # include <inttypes.h>
| #endif
| #ifdef HAVE_STDINT_H
| # include <stdint.h>
| #endif
| #ifdef HAVE_UNISTD_H
| # include <unistd.h>
| #endif
| 
| #include <strings.h>
configure:3827: result: no
configure:3827: checking for inttypes.h
configure:3827: gcc -c   conftest.c >&5
configure:3827: $? = 0
configure: failed program was:
| /* confdefs.h */
| #define PACKAGE_NAME "pdf-spot-disabler"
| #define PACKAGE_TARNAME "pdf-spot-disabler"
| #define PACKAGE_VERSION "0.1"
| #define PACKAGE_STRING "pdf-spot-disabler 0.1"
| #define PACKAGE_BUGREPORT "Pavlo Oleshkevych oleshkevych@gmail.com"
| #define PACKAGE_URL ""
| #define PACKAGE "pdf-spot-disabler"
| #define VERSION "0.1"
| /* end confdefs.h.  */
| #include <stdio.h>
| #ifdef HAVE_SYS_TYPES_H
| # include <sys/types.h>
| #endif
| #ifdef HAVE_SYS_STAT_H
| # include <sys/stat.h>
| #endif
| #ifdef STDC_HEADERS
| # include <stdlib.h>
| # include <stddef.h>
| #else
| # ifdef HAVE_STDLIB_H
| #  include <stdlib.h>
| # endif
| #endif
| #ifdef HAVE_STRING_H
| # if !defined STDC_HEADERS && defined HAVE_MEMORY_H
| #  include <memory.h>
| # endif
| # include <string.h>
| #endif
| #ifdef HAVE_STRINGS_H
| # include <strings.h>
| #endif
| #ifdef HAVE_INTTYPES_H
| # include <inttypes.h>
| #endif
| #ifdef HAVE_STDINT_H
| # include <stdint.h>
| #endif
| #ifdef HAVE_UNISTD_H
| # include <unistd.h>
| #endif
| 
| #include <inttypes.h>
configure:3827: result: no
configure:3827: checking for stdint.h
configure:3827: gcc -c   conftest.c >&5
configure:3827: $? = 0
configure: failed program was:
| /* confdefs.h */
| #define PACKAGE_NAME "pdf-spot-disabler"
| #define PACKAGE_TARNAME "pdf-spot-disabler"
| #define PACKAGE_VERSION "0.1"
| #define PACKAGE_STRING "pdf-spot-disabler 0.1"
| #define PACKAGE_BUGREPORT "Pavlo Oleshkevych oleshkevych@gmail.com"
| #define PACKAGE_URL ""
| #define PACKAGE "pdf-spot-disabler"
| #define VERSION "0.1"
| /* end confdefs.h.  */
| #include <stdio.h>
| #ifdef HAVE_SYS_TYPES_H
| # include <sys/types.h>
| #endif
| #ifdef HAVE_SYS_STAT_H
| # include <sys/stat.h>
| #endif
| #ifdef STDC_HEADERS
| # include <stdlib.h>
| # include <stddef.h>
| #else
| # ifdef HAVE_STDLIB_H
| #  include <stdlib.h>
| # endif
| #endif
| #ifdef HAVE_STRING_H
| # if !defined STDC_HEADERS && defined HAVE_MEMORY_H
| #  include <memory.h>
| # endif
| # include <string.h>
| #endif
| #ifdef HAVE_STRINGS_H
| # include <strings.h>
| #endif
| #ifdef HAVE_INTTYPES_H
| # include <inttypes.h>
| #endif
| #ifdef HAVE_STDINT_H
| # include <stdint.h>
| #endif
| #ifdef HAVE_UNISTD_H
| # include <unistd.h>
| #endif
| 
| #include <stdint.h>
configure:3827: result: no
configure:3827: checking for unistd.h
configure:3827: gcc -c   conftest.c >&5
configure:3827: $? = 0
configure: failed program was:
| /* confdefs.h */
| #define PACKAGE_NAME "pdf-spot-disabler"
| #define PACKAGE_TARNAME "pdf-spot-disabler"
| #define PACKAGE_VERSION "0.1"
| #define PACKAGE_STRING "pdf-spot-disabler 0.1"
| #define PACKAGE_BUGREPORT "Pavlo Oleshkevych oleshkevych@gmail.com"
| #define PACKAGE_URL ""
| #define PACKAGE "pdf-spot-disabler"
| #define VERSION "0.1"
| /* end confdefs.h.  */
| #include <stdio.h>
| #ifdef HAVE_SYS_TYPES_H
| # include <sys/types.h>
| #endif
| #ifdef HAVE_SYS_STAT_H
| # include <sys/stat.h>
| #endif
| #ifdef STDC_HEADERS
| # include <stdlib.h>
| # include <stddef.h>
| #else
| # ifdef HAVE_STDLIB_H
| #  include <stdlib.h>
| # endif
| #endif
| #ifdef HAVE_STRING_H
| # if !defined STDC_HEADERS && defined HAVE_MEMORY_H
| #  include <memory.h>
| # endif
| # include <string.h>
| #endif
| #ifdef HAVE_STRINGS_H
| # include <strings.h>
| #endif
| #ifdef HAVE_INTTYPES_H
| # include <inttypes.h>
| #endif
| #ifdef HAVE_STDINT_H
| # include <stdint.h>
| #endif
| #ifdef HAVE_UNISTD_H
| # include <unistd.h>
| #endif
| 
| #include <unistd.h>
configure:3827: result: no
configure:3840: checking minix/config.h usability
configure:3840: gcc -c   conftest.c >&5
conftest.c:44:26: fatal error: minix/config.h: No such file or directory
compilation terminated.
configure:3840: $? = 1
configure: failed program was:
| /* confdefs.h */
| #define PACKAGE_NAME "pdf-spot-disabler"
| #define PACKAGE_TARNAME "pdf-spot-disabler"
| #define PACKAGE_VERSION "0.1"
| #define PACKAGE_STRING "pdf-spot-disabler 0.1"
| #define PACKAGE_BUGREPORT "Pavlo Oleshkevych oleshkevych@gmail.com"
| #define PACKAGE_URL ""
| #define PACKAGE "pdf-spot-disabler"
| #define VERSION "0.1"
| /* end confdefs.h.  */
| #include <stdio.h>
| #ifdef HAVE_SYS_TYPES_H
| # include <sys/types.h>
| #endif
| #ifdef HAVE_SYS_STAT_H
| # include <sys/stat.h>
| #endif
| #ifdef STDC_HEADERS
| # include <stdlib.h>
| # include <stddef.h>
| #else
| # ifdef HAVE_STDLIB_H
| #  include <stdlib.h>
| # endif
| #endif
| #ifdef HAVE_STRING_H
| # if !defined STDC_HEADERS && defined HAVE_MEMORY_H
| #  include <memory.h>
| # endif
| # include <string.h>
| #endif
| #ifdef HAVE_STRINGS_H
| # include <strings.h>
| #endif
| #ifdef HAVE_INTTYPES_H
| # include <inttypes.h>
| #endif
| #ifdef HAVE_STDINT_H
| # include <stdint.h>
| #endif
| #ifdef HAVE_UNISTD_H
| # include <unistd.h>
| #endif
| #include <minix/config.h>
configure:3840: result: no
configure:3840: checking minix/config.h presence
configure:3840: gcc -E  conftest.c
conftest.c:11:26: fatal error: minix/config.h: No such file or directory
compilation terminated.
configure:3840: $? = 1
configure: failed program was:
| /* confdefs.h */
| #define PACKAGE_NAME "pdf-spot-disabler"
| #define PACKAGE_TARNAME "pdf-spot-disabler"
| #define PACKAGE_VERSION "0.1"
| #define PACKAGE_STRING "pdf-spot-disabler 0.1"
| #define PACKAGE_BUGREPORT "Pavlo Oleshkevych oleshkevych@gmail.com"
| #define PACKAGE_URL ""
| #define PACKAGE "pdf-spot-disabler"
| #define VERSION "0.1"
| /* end confdefs.h.  */
| #include <minix/config.h>
configure:3840: result: no
configure:3840: checking for minix/config.h
configure:3840: result: no
configure:3861: checking whether it is safe to define __EXTENSIONS__
configure:3879: gcc -c   conftest.c >&5
configure:3879: $? = 0
configure: failed program was:
| /* confdefs.h */
| #define PACKAGE_NAME "pdf-spot-disabler"
| #define PACKAGE_TARNAME "pdf-spot-disabler"
| #define PACKAGE_VERSION "0.1"
| #define PACKAGE_STRING "pdf-spot-disabler 0.1"
| #define PACKAGE_BUGREPORT "Pavlo Oleshkevych oleshkevych@gmail.com"
| #define PACKAGE_URL ""
| #define PACKAGE "pdf-spot-disabler"
| #define VERSION "0.1"
| /* end confdefs.h.  */
| 
| #	  define __EXTENSIONS__ 1
| 	  #include <stdio.h>
| #ifdef HAVE_SYS_TYPES_H
| # include <sys/types.h>
| #endif
| #ifdef HAVE_SYS_STAT_H
| # include <sys/stat.h>
| #endif
| #ifdef STDC_HEADERS
| # include <stdlib.h>
| # include <stddef.h>
| #else
| # ifdef HAVE_STDLIB_H
| #  include <stdlib.h>
| # endif
| #endif
| #ifdef HAVE_STRING_H
| # if !defined STDC_HEADERS && defined HAVE_MEMORY_H
| #  include <memory.h>
| # endif
| # include <string.h>
| #endif
| #ifdef HAVE_STRINGS_H
| # include <strings.h>
| #endif
| #ifdef HAVE_INTTYPES_H
| # include <inttypes.h>
| #endif
| #ifdef HAVE_STDINT_H
| # include <stdint.h>
| #endif
| #ifdef HAVE_UNISTD_H
| # include <unistd.h>
| #endif
| int
| main ()
| {
| 
|   ;
|   return 0;
| }
configure:3886: result: no
configure:3949: checking for gcc
configure:3976: result: gcc
configure:4205: checking for C compiler version
configure:4214: gcc --version >&5
gcc (Ubuntu/Linaro 4.6.3-1ubuntu5) 4.6.3
Copyright (C) 2011 Free Software Foundation, Inc.
This is free software; see the source for copying conditions.  There is NO
warranty; not even for MERCHANTABILITY or FITNESS FOR A PARTICULAR PURPOSE.

configure:4225: $? = 0
configure:4214: gcc -v >&5
Using built-in specs.
COLLECT_GCC=gcc
COLLECT_LTO_WRAPPER=/usr/lib/gcc/i686-linux-gnu/4.6/lto-wrapper
Target: i686-linux-gnu
Configured with: ../src/configure -v --with-pkgversion='Ubuntu/Linaro 4.6.3-1ubuntu5' --with-bugurl=file:///usr/share/doc/gcc-4.6/README.Bugs --enable-languages=c,c++,fortran,objc,obj-c++ --prefix=/usr --program-suffix=-4.6 --enable-shared --enable-linker-build-id --with-system-zlib --libexecdir=/usr/lib --without-included-gettext --enable-threads=posix --with-gxx-include-dir=/usr/include/c++/4.6 --libdir=/usr/lib --enable-nls --with-sysroot=/ --enable-clocale=gnu --enable-libstdcxx-debug --enable-libstdcxx-time=yes --enable-gnu-unique-object --enable-plugin --enable-objc-gc --enable-targets=all --disable-werror --with-arch-32=i686 --with-tune=generic --enable-checking=release --build=i686-linux-gnu --host=i686-linux-gnu --target=i686-linux-gnu
Thread model: posix
gcc version 4.6.3 (Ubuntu/Linaro 4.6.3-1ubuntu5) 
configure:4225: $? = 0
configure:4214: gcc -V >&5
gcc: error: unrecognized option '-V'
gcc: fatal error: no input files
compilation terminated.
configure:4225: $? = 4
configure:4214: gcc -qversion >&5
gcc: error: unrecognized option '-qversion'
gcc: fatal error: no input files
compilation terminated.
configure:4225: $? = 4
configure:4245: checking whether the C compiler works
configure:4267: gcc    conftest.c  >&5
configure:4271: $? = 0
configure:4319: result: yes
configure:4322: checking for C compiler default output file name
configure:4324: result: a.out
configure:4330: checking for suffix of executables
configure:4337: gcc -o conftest    conftest.c  >&5
configure:4341: $? = 0
configure:4363: result: 
configure:4385: checking whether we are cross compiling
configure:4393: gcc -o conftest    conftest.c  >&5
configure:4397: $? = 0
configure:4404: ./conftest
configure:4408: $? = 0
configure:4423: result: no
configure:4428: checking for suffix of object files
configure:4450: gcc -c   conftest.c >&5
configure:4454: $? = 0
configure:4475: result: o
configure:4479: checking whether we are using the GNU C compiler
configure:4507: result: no
configure:4516: checking whether gcc accepts -g
configure:4577: result: no
configure:4594: checking for gcc option to accept ISO C89
configure:4674: result: unsupported
configure:4693: checking dependency style of gcc
configure:4804: result: gcc3
configure:4824: checking how to run the C preprocessor
configure:4894: result: gcc -E
configure:4914: gcc -E  conftest.c
configure:4914: $? = 0
configure:4928: gcc -E  conftest.c
conftest.c:15:28: fatal error: ac_nonexistent.h: No such file or directory
compilation terminated.
configure:4928: $? = 1
configure: failed program was:
| /* confdefs.h */
| #define PACKAGE_NAME "pdf-spot-disabler"
| #define PACKAGE_TARNAME "pdf-spot-disabler"
| #define PACKAGE_VERSION "0.1"
| #define PACKAGE_STRING "pdf-spot-disabler 0.1"
| #define PACKAGE_BUGREPORT "Pavlo Oleshkevych oleshkevych@gmail.com"
| #define PACKAGE_URL ""
| #define PACKAGE "pdf-spot-disabler"
| #define VERSION "0.1"
| #define _ALL_SOURCE 1
| #define _GNU_SOURCE 1
| #define _POSIX_PTHREAD_SEMANTICS 1
| #define _TANDEM_SOURCE 1
| /* end confdefs.h.  */
| #include <ac_nonexistent.h>
configure:4957: checking for library containing strerror
configure:4988: gcc -o conftest    conftest.c  >&5
configure:4988: $? = 0
configure:5005: result: none required
configure:5014: checking for ANSI C header files
configure:5118: result: no
configure:5185: checking for g++
configure:5201: found /usr/bin/g++
configure:5212: result: g++
configure:5239: checking for C++ compiler version
configure:5248: g++ --version >&5
g++ (Ubuntu/Linaro 4.6.3-1ubuntu5) 4.6.3
Copyright (C) 2011 Free Software Foundation, Inc.
This is free software; see the source for copying conditions.  There is NO
warranty; not even for MERCHANTABILITY or FITNESS FOR A PARTICULAR PURPOSE.

configure:5259: $? = 0
configure:5248: g++ -v >&5
Using built-in specs.
COLLECT_GCC=g++
COLLECT_LTO_WRAPPER=/usr/lib/gcc/i686-linux-gnu/4.6/lto-wrapper
Target: i686-linux-gnu
Configured with: ../src/configure -v --with-pkgversion='Ubuntu/Linaro 4.6.3-1ubuntu5' --with-bugurl=file:///usr/share/doc/gcc-4.6/README.Bugs --enable-languages=c,c++,fortran,objc,obj-c++ --prefix=/usr --program-suffix=-4.6 --enable-shared --enable-linker-build-id --with-system-zlib --libexecdir=/usr/lib --without-included-gettext --enable-threads=posix --with-gxx-include-dir=/usr/include/c++/4.6 --libdir=/usr/lib --enable-nls --with-sysroot=/ --enable-clocale=gnu --enable-libstdcxx-debug --enable-libstdcxx-time=yes --enable-gnu-unique-object --enable-plugin --enable-objc-gc --enable-targets=all --disable-werror --with-arch-32=i686 --with-tune=generic --enable-checking=release --build=i686-linux-gnu --host=i686-linux-gnu --target=i686-linux-gnu
Thread model: posix
gcc version 4.6.3 (Ubuntu/Linaro 4.6.3-1ubuntu5) 
configure:5259: $? = 0
configure:5248: g++ -V >&5
g++: error: unrecognized option '-V'
g++: fatal error: no input files
compilation terminated.
configure:5259: $? = 4
configure:5248: g++ -qversion >&5
g++: error: unrecognized option '-qversion'
g++: fatal error: no input files
compilation terminated.
configure:5259: $? = 4
configure:5263: checking whether we are using the GNU C++ compiler
configure:5282: g++ -c   conftest.cpp >&5
configure:5282: $? = 0
configure:5291: result: yes
configure:5300: checking whether g++ accepts -g
configure:5320: g++ -c -g  conftest.cpp >&5
configure:5320: $? = 0
configure:5361: result: yes
configure:5386: checking dependency style of g++
configure:5497: result: gcc3
configure:5626: checking for C++ compiler version
configure:5635: g++ --version >&5
g++ (Ubuntu/Linaro 4.6.3-1ubuntu5) 4.6.3
Copyright (C) 2011 Free Software Foundation, Inc.
This is free software; see the source for copying conditions.  There is NO
warranty; not even for MERCHANTABILITY or FITNESS FOR A PARTICULAR PURPOSE.

configure:5646: $? = 0
configure:5635: g++ -v >&5
Using built-in specs.
COLLECT_GCC=g++
COLLECT_LTO_WRAPPER=/usr/lib/gcc/i686-linux-gnu/4.6/lto-wrapper
Target: i686-linux-gnu
Configured with: ../src/configure -v --with-pkgversion='Ubuntu/Linaro 4.6.3-1ubuntu5' --with-bugurl=file:///usr/share/doc/gcc-4.6/README.Bugs --enable-languages=c,c++,fortran,objc,obj-c++ --prefix=/usr --program-suffix=-4.6 --enable-shared --enable-linker-build-id --with-system-zlib --libexecdir=/usr/lib --without-included-gettext --enable-threads=posix --with-gxx-include-dir=/usr/include/c++/4.6 --libdir=/usr/lib --enable-nls --with-sysroot=/ --enable-clocale=gnu --enable-libstdcxx-debug --enable-libstdcxx-time=yes --enable-gnu-unique-object --enable-plugin --enable-objc-gc --enable-targets=all --disable-werror --with-arch-32=i686 --with-tune=generic --enable-checking=release --build=i686-linux-gnu --host=i686-linux-gnu --target=i686-linux-gnu
Thread model: posix
gcc version 4.6.3 (Ubuntu/Linaro 4.6.3-1ubuntu5) 
configure:5646: $? = 0
configure:5635: g++ -V >&5
g++: error: unrecognized option '-V'
g++: fatal error: no input files
compilation terminated.
configure:5646: $? = 4
configure:5635: g++ -qversion >&5
g++: error: unrecognized option '-qversion'
g++: fatal error: no input files
compilation terminated.
configure:5646: $? = 4
configure:5650: checking whether we are using the GNU C++ compiler
configure:5678: result: yes
configure:5687: checking whether g++ accepts -g
configure:5748: result: yes
configure:5773: checking dependency style of g++
configure:5884: result: gcc3
configure:5904: checking how to run the C++ preprocessor
configure:5931: g++ -E  conftest.cpp
configure:5931: $? = 0
configure:5945: g++ -E  conftest.cpp
conftest.cpp:15:28: fatal error: ac_nonexistent.h: No such file or directory
compilation terminated.
configure:5945: $? = 1
configure: failed program was:
| /* confdefs.h */
| #define PACKAGE_NAME "pdf-spot-disabler"
| #define PACKAGE_TARNAME "pdf-spot-disabler"
| #define PACKAGE_VERSION "0.1"
| #define PACKAGE_STRING "pdf-spot-disabler 0.1"
| #define PACKAGE_BUGREPORT "Pavlo Oleshkevych oleshkevych@gmail.com"
| #define PACKAGE_URL ""
| #define PACKAGE "pdf-spot-disabler"
| #define VERSION "0.1"
| #define _ALL_SOURCE 1
| #define _GNU_SOURCE 1
| #define _POSIX_PTHREAD_SEMANTICS 1
| #define _TANDEM_SOURCE 1
| /* end confdefs.h.  */
| #include <ac_nonexistent.h>
configure:5970: result: g++ -E
configure:5990: g++ -E  conftest.cpp
configure:5990: $? = 0
configure:6004: g++ -E  conftest.cpp
conftest.cpp:15:28: fatal error: ac_nonexistent.h: No such file or directory
compilation terminated.
configure:6004: $? = 1
configure: failed program was:
| /* confdefs.h */
| #define PACKAGE_NAME "pdf-spot-disabler"
| #define PACKAGE_TARNAME "pdf-spot-disabler"
| #define PACKAGE_VERSION "0.1"
| #define PACKAGE_STRING "pdf-spot-disabler 0.1"
| #define PACKAGE_BUGREPORT "Pavlo Oleshkevych oleshkevych@gmail.com"
| #define PACKAGE_URL ""
| #define PACKAGE "pdf-spot-disabler"
| #define VERSION "0.1"
| #define _ALL_SOURCE 1
| #define _GNU_SOURCE 1
| #define _POSIX_PTHREAD_SEMANTICS 1
| #define _TANDEM_SOURCE 1
| /* end confdefs.h.  */
| #include <ac_nonexistent.h>
configure:6043: checking whether C++ has bool
configure:6054: g++ -o conftest -g -O2   conftest.cpp  >&5
configure:6054: $? = 0
configure:6054: ./conftest
configure:6054: $? = 0
configure:6055: result: yes
configure:6068: checking whether C++ has buggy scoping in for-loops
configure:6084: g++ -c -g -O2  conftest.cpp >&5
conftest.cpp:15:22: fatal error: iostream.h: No such file or directory
compilation terminated.
configure:6084: $? = 1
configure: failed program was:
| /* confdefs.h */
| #define PACKAGE_NAME "pdf-spot-disabler"
| #define PACKAGE_TARNAME "pdf-spot-disabler"
| #define PACKAGE_VERSION "0.1"
| #define PACKAGE_STRING "pdf-spot-disabler 0.1"
| #define PACKAGE_BUGREPORT "Pavlo Oleshkevych oleshkevych@gmail.com"
| #define PACKAGE_URL ""
| #define PACKAGE "pdf-spot-disabler"
| #define VERSION "0.1"
| #define _ALL_SOURCE 1
| #define _GNU_SOURCE 1
| #define _POSIX_PTHREAD_SEMANTICS 1
| #define _TANDEM_SOURCE 1
| /* end confdefs.h.  */
| #include <iostream.h>
| int
| main ()
| {
| 
|    for (int i=0;i<10;i++) { }
|    for (int i=0;i<10;i++) { }
| 
|   ;
|   return 0;
| }
configure:6088: result: yes
configure:6095: checking whether user wants assertions
configure:6104: result: yes
configure:6121: checking build system type
configure:6135: result: i686-pc-linux-gnu
configure:6155: checking host system type
configure:6168: result: i686-pc-linux-gnu
configure:6207: checking whether user wants warnings
configure:6217: result: no
configure:6311: checking for ranlib
configure:6327: found /usr/bin/ranlib
configure:6338: result: ranlib
configure:6542: creating ./config.status

## ---------------------- ##
## Running config.status. ##
## ---------------------- ##

This file was extended by pdf-spot-disabler config.status 0.1, which was
generated by GNU Autoconf 2.68.  Invocation command line was

  CONFIG_FILES    = 
  CONFIG_HEADERS  = 
  CONFIG_LINKS    = 
  CONFIG_COMMANDS = 
  $ ./config.status 

on starkpc

config.status:805: creating Makefile
config.status:805: creating README
config.status:805: creating doc/Makefile
config.status:805: creating m4/Makefile
config.status:805: creating src/Makefile
config.status:977: executing depfiles commands

## ---------------- ##
## Cache variables. ##
## ---------------- ##

ac_cv_build=i686-pc-linux-gnu
ac_cv_c_compiler_gnu=no
ac_cv_cxx_compiler_gnu=yes
ac_cv_env_CCC_set=
ac_cv_env_CCC_value=
ac_cv_env_CC_set=
ac_cv_env_CC_value=
ac_cv_env_CFLAGS_set=
ac_cv_env_CFLAGS_value=
ac_cv_env_CPPFLAGS_set=
ac_cv_env_CPPFLAGS_value=
ac_cv_env_CPP_set=
ac_cv_env_CPP_value=
ac_cv_env_CXXCPP_set=
ac_cv_env_CXXCPP_value=
ac_cv_env_CXXFLAGS_set=
ac_cv_env_CXXFLAGS_value=
ac_cv_env_CXX_set=
ac_cv_env_CXX_value=
ac_cv_env_LDFLAGS_set=
ac_cv_env_LDFLAGS_value=
ac_cv_env_LIBS_set=
ac_cv_env_LIBS_value=
ac_cv_env_build_alias_set=
ac_cv_env_build_alias_value=
ac_cv_env_host_alias_set=
ac_cv_env_host_alias_value=
ac_cv_env_target_alias_set=
ac_cv_env_target_alias_value=
ac_cv_header_inttypes_h=no
ac_cv_header_memory_h=no
ac_cv_header_minix_config_h=no
ac_cv_header_stdc=no
ac_cv_header_stdint_h=no
ac_cv_header_stdlib_h=no
ac_cv_header_string_h=no
ac_cv_header_strings_h=no
ac_cv_header_sys_stat_h=no
ac_cv_header_sys_types_h=no
ac_cv_header_unistd_h=no
ac_cv_host=i686-pc-linux-gnu
ac_cv_objext=o
ac_cv_path_EGREP='/bin/grep -E'
ac_cv_path_GREP=/bin/grep
ac_cv_path_install='/usr/bin/install -c'
ac_cv_path_mkdir=/bin/mkdir
ac_cv_prog_AWK=mawk
ac_cv_prog_CPP='gcc -E'
ac_cv_prog_CXXCPP='g++ -E'
ac_cv_prog_ac_ct_CC=gcc
ac_cv_prog_ac_ct_CXX=g++
ac_cv_prog_ac_ct_RANLIB=ranlib
ac_cv_prog_cc_c89=no
ac_cv_prog_cc_g=no
ac_cv_prog_cxx_g=yes
ac_cv_prog_make_make_set=yes
ac_cv_safe_to_define___extensions__=no
ac_cv_search_strerror='none required'
am_cv_CC_dependencies_compiler_type=gcc3
am_cv_CXX_dependencies_compiler_type=gcc3

## ----------------- ##
## Output variables. ##
## ----------------- ##

ACLOCAL='${SHELL} /home/stark/projects/pdf-spot-disabler/config/missing --run aclocal-1.11'
AMDEPBACKSLASH='\'
AMDEP_FALSE='#'
AMDEP_TRUE=''
AMTAR='$${TAR-tar}'
AUTOCONF='${SHELL} /home/stark/projects/pdf-spot-disabler/config/missing --run autoconf'
AUTOHEADER='${SHELL} /home/stark/projects/pdf-spot-disabler/config/missing --run autoheader'
AUTOMAKE='${SHELL} /home/stark/projects/pdf-spot-disabler/config/missing --run automake-1.11'
AWK='mawk'
CC='gcc'
CCDEPMODE='depmode=gcc3'
CFLAGS=''
CPP='gcc -E'
CPPFLAGS=''
CXX='g++'
CXXCPP='g++ -E'
CXXDEPMODE='depmode=gcc3'
CXXFLAGS='-g -O2'
CYGPATH_W='echo'
DEFS='-DPACKAGE_NAME=\"pdf-spot-disabler\" -DPACKAGE_TARNAME=\"pdf-spot-disabler\" -DPACKAGE_VERSION=\"0.1\" -DPACKAGE_STRING=\"pdf-spot-disabler\ 0.1\" -DPACKAGE_BUGREPORT=\"Pavlo\ Oleshkevych\ oleshkevych@gmail.com\" -DPACKAGE_URL=\"\" -DPACKAGE=\"pdf-spot-disabler\" -DVERSION=\"0.1\" -D_ALL_SOURCE=1 -D_GNU_SOURCE=1 -D_POSIX_PTHREAD_SEMANTICS=1 -D_TANDEM_SOURCE=1 -DCXX_HAS_BUGGY_FOR_LOOPS=1 -DYOUR_OS=\"i686-pc-linux-gnu\"'
DEPDIR='.deps'
ECHO_C=''
ECHO_N='-n'
ECHO_T=''
EGREP='/bin/grep -E'
EXEEXT=''
GREP='/bin/grep'
INSTALL_DATA='${INSTALL} -m 644'
INSTALL_PROGRAM='${INSTALL}'
INSTALL_SCRIPT='${INSTALL}'
INSTALL_STRIP_PROGRAM='$(install_sh) -c -s'
LDFLAGS=''
LIBOBJS=''
LIBS=''
LTLIBOBJS=''
MAKEINFO='${SHELL} /home/stark/projects/pdf-spot-disabler/config/missing --run makeinfo'
MKDIR_P='/bin/mkdir -p'
OBJEXT='o'
PACKAGE='pdf-spot-disabler'
PACKAGE_BUGREPORT='Pavlo Oleshkevych oleshkevych@gmail.com'
PACKAGE_NAME='pdf-spot-disabler'
PACKAGE_STRING='pdf-spot-disabler 0.1'
PACKAGE_TARNAME='pdf-spot-disabler'
PACKAGE_URL=''
PACKAGE_VERSION='0.1'
PATH_SEPARATOR=':'
RANLIB='ranlib'
SET_MAKE=''
SHELL='/bin/bash'
STRIP=''
VERSION='0.1'
ac_ct_CC='gcc'
ac_ct_CXX='g++'
am__EXEEXT_FALSE=''
am__EXEEXT_TRUE='#'
am__fastdepCC_FALSE='#'
am__fastdepCC_TRUE=''
am__fastdepCXX_FALSE='#'
am__fastdepCXX_TRUE=''
am__include='include'
am__isrc=''
am__leading_dot='.'
am__nodep='_no'
am__quote=''
am__tar='$${TAR-tar} chof - "$$tardir"'
am__untar='$${TAR-tar} xf -'
bindir='${exec_prefix}/bin'
build='i686-pc-linux-gnu'
build_alias=''
build_cpu='i686'
build_os='linux-gnu'
build_vendor='pc'
canonical_host_type='i686-pc-linux-gnu'
datadir='${datarootdir}'
datarootdir='${prefix}/share'
docdir='${datarootdir}/doc/${PACKAGE_TARNAME}'
dvidir='${docdir}'
exec_prefix='${prefix}'
host='i686-pc-linux-gnu'
host_alias=''
host_cpu='i686'
host_os='linux-gnu'
host_vendor='pc'
htmldir='${docdir}'
includedir='${prefix}/include'
infodir='${datarootdir}/info'
install_sh='${SHELL} /home/stark/projects/pdf-spot-disabler/config/install-sh'
libdir='${exec_prefix}/lib'
libexecdir='${exec_prefix}/libexec'
localedir='${datarootdir}/locale'
localstatedir='${prefix}/var'
mandir='${datarootdir}/man'
mkdir_p='/bin/mkdir -p'
oldincludedir='/usr/include'
pdfdir='${docdir}'
prefix='/usr/local'
program_transform_name='s,x,x,'
psdir='${docdir}'
sbindir='${exec_prefix}/sbin'
sharedstatedir='${prefix}/com'
sysconfdir='${prefix}/etc'
target_alias=''

## ----------- ##
## confdefs.h. ##
## ----------- ##

/* confdefs.h */
#define PACKAGE_NAME "pdf-spot-disabler"
#define PACKAGE_TARNAME "pdf-spot-disabler"
#define PACKAGE_VERSION "0.1"
#define PACKAGE_STRING "pdf-spot-disabler 0.1"
#define PACKAGE_BUGREPORT "Pavlo Oleshkevych oleshkevych@gmail.com"
#define PACKAGE_URL ""
#define PACKAGE "pdf-spot-disabler"
#define VERSION "0.1"
#define _ALL_SOURCE 1
#define _GNU_SOURCE 1
#define _POSIX_PTHREAD_SEMANTICS 1
#define _TANDEM_SOURCE 1
#define CXX_HAS_BUGGY_FOR_LOOPS 1
#define YOUR_OS "i686-pc-linux-gnu"

configure: exit 0
